2025-04-29 23:21:04,390 - INFO - Starting crawl from page 1 with max_pages=3, max_restaurants=None
2025-04-29 23:21:04,390 - INFO - Crawling page 1
2025-04-29 23:21:04,390 - INFO - Waiting for 5.82 seconds
2025-04-29 23:21:10,211 - INFO - Fetching URL: https://pasgo.vn/tim-kiem?search=&page=1
2025-04-29 23:21:10,517 - INFO - Found 0 restaurants on page 1
2025-04-29 23:21:10,517 - WARNING - No restaurants found on page 1, stopping listing collection
2025-04-29 23:21:10,517 - WARNING - No restaurant listings found.
2025-04-29 23:21:49,257 - INFO - Starting crawl from page 1 with max_pages=3, max_restaurants=None
2025-04-29 23:21:49,257 - INFO - Crawling page 1
2025-04-29 23:21:49,257 - INFO - Waiting for 7.52 seconds
2025-04-29 23:21:56,784 - INFO - Fetching URL: https://pasgo.vn/tim-kiem?search=&page=1
2025-04-29 23:21:57,021 - INFO - Found 0 restaurants on page 1
2025-04-29 23:21:57,021 - WARNING - No restaurants found on page 1, stopping listing collection
2025-04-29 23:21:57,021 - WARNING - No restaurant listings found.
2025-04-29 23:24:00,500 - INFO - Starting crawl from page 1 with max_pages=3, max_restaurants=None
2025-04-29 23:24:00,500 - INFO - Crawling page 1
2025-04-29 23:24:00,500 - INFO - Waiting for 6.90 seconds
2025-04-29 23:24:07,405 - INFO - Fetching URL: https://pasgo.vn/tim-kiem?search=&page=1
2025-04-29 23:24:07,654 - INFO - Found 0 restaurants on page 1
2025-04-29 23:24:07,654 - WARNING - No restaurants found on page 1, stopping listing collection
2025-04-29 23:24:07,654 - WARNING - No restaurant listings found.
2025-04-29 23:24:15,299 - INFO - Starting crawl from page 1 with max_pages=3, max_restaurants=None
2025-04-29 23:24:15,299 - INFO - Crawling page 1
2025-04-29 23:24:15,299 - INFO - Waiting for 4.55 seconds
2025-04-29 23:24:19,854 - INFO - Fetching URL: https://pasgo.vn/tim-kiem?search=&page=1
2025-04-29 23:24:20,096 - INFO - Found 0 restaurants on page 1
2025-04-29 23:24:20,096 - WARNING - No restaurants found on page 1, stopping listing collection
2025-04-29 23:24:20,096 - WARNING - No restaurant listings found.
2025-04-29 23:24:52,270 - INFO - Starting crawl from page 1 with max_pages=3, max_restaurants=None
2025-04-29 23:24:52,270 - INFO - Crawling page 1
2025-04-29 23:24:52,270 - INFO - Waiting for 5.12 seconds
2025-04-29 23:24:57,390 - INFO - Fetching URL: https://pasgo.vn/tim-kiem?search=&page=1
2025-04-29 23:24:57,633 - INFO - Found 0 restaurants on page 1
2025-04-29 23:24:57,633 - WARNING - No restaurants found on page 1, stopping listing collection
2025-04-29 23:24:57,633 - WARNING - No restaurant listings found.
2025-04-29 23:26:41,680 - INFO - Starting crawl from page 1 with max_pages=3, max_restaurants=None
2025-04-29 23:26:41,680 - INFO - Crawling page 1
2025-04-29 23:26:41,680 - INFO - Waiting for 4.68 seconds
2025-04-29 23:26:46,361 - INFO - Fetching URL: https://pasgo.vn/tim-kiem?search=&page=0
2025-04-29 23:26:46,769 - INFO - Found 0 restaurants on page 1
2025-04-29 23:26:46,769 - WARNING - No restaurants found on page 1, stopping listing collection
2025-04-29 23:26:46,769 - WARNING - No restaurant listings found.
2025-04-29 23:28:32,013 - INFO - Starting crawl from page 1 with max_pages=3, max_restaurants=None
2025-04-29 23:28:32,013 - INFO - Crawling page 1
2025-04-29 23:28:32,013 - INFO - Waiting for 4.86 seconds
2025-04-29 23:28:36,878 - INFO - Fetching URL: https://pasgo.vn/tim-kiem?search=&page=0
2025-04-29 23:28:37,154 - INFO - Found 0 restaurants on page 1
2025-04-29 23:28:37,154 - WARNING - No restaurants found on page 1, stopping listing collection
2025-04-29 23:28:37,154 - WARNING - No restaurant listings found.
2025-04-29 23:29:38,434 - INFO - Starting crawl from page 1 with max_pages=3, max_restaurants=None
2025-04-29 23:29:38,434 - INFO - Crawling page 1
2025-04-29 23:29:38,434 - INFO - Waiting for 5.48 seconds
2025-04-29 23:29:43,913 - INFO - Fetching URL: https://pasgo.vn/tim-kiem?search=&page=0
2025-04-29 23:29:44,162 - INFO - Found 0 restaurants on page 1
2025-04-29 23:29:44,162 - WARNING - No restaurants found on page 1, stopping listing collection
2025-04-29 23:29:44,162 - WARNING - No restaurant listings found.
2025-04-29 23:30:00,904 - INFO - Starting crawl from page 1 with max_pages=3, max_restaurants=None
2025-04-29 23:30:00,904 - INFO - Crawling page 1
2025-04-29 23:30:00,904 - INFO - Waiting for 7.43 seconds
2025-04-29 23:30:08,342 - INFO - Fetching URL: https://pasgo.vn/tim-kiem?search=&page=0
2025-04-29 23:30:08,590 - INFO - Found 0 restaurants on page 1
2025-04-29 23:30:08,590 - WARNING - No restaurants found on page 1, stopping listing collection
2025-04-29 23:30:08,590 - WARNING - No restaurant listings found.
2025-04-29 23:32:24,627 - INFO - Starting crawl from page 1 with max_pages=3, max_restaurants=None
2025-04-29 23:32:24,627 - INFO - Crawling page 1
2025-04-29 23:32:24,627 - INFO - Waiting for 6.45 seconds
2025-04-29 23:32:31,078 - INFO - Fetching URL: https://pasgo.vn/tim-kiem?search=&page=0
2025-04-29 23:32:31,371 - INFO - Found 0 restaurants on page 1
2025-04-29 23:32:31,371 - WARNING - No restaurants found on page 1, stopping listing collection
2025-04-29 23:32:31,371 - WARNING - No restaurant listings found.
2025-04-29 23:34:36,891 - INFO - Starting crawl from page 1 with max_pages=3, max_restaurants=None
2025-04-29 23:34:36,892 - INFO - Crawling page 1
2025-04-29 23:34:36,892 - INFO - Waiting for 4.77 seconds
2025-04-29 23:34:41,670 - INFO - Fetching URL: https://pasgo.vn/tim-kiem?search=&page=0
2025-04-29 23:34:41,927 - INFO - Found 0 restaurants on page 1
2025-04-29 23:34:41,927 - WARNING - No restaurants found on page 1, stopping listing collection
2025-04-29 23:34:41,927 - WARNING - No restaurant listings found.
2025-04-29 23:37:17,134 - INFO - Starting crawl from page 1 with max_pages=3, max_restaurants=None
2025-04-29 23:37:17,135 - INFO - Crawling page 1
2025-04-29 23:37:17,135 - INFO - Waiting for 5.29 seconds
2025-04-29 23:37:22,426 - INFO - Fetching URL: https://pasgo.vn/tim-kiem?search=&page=0
2025-04-29 23:37:33,714 - ERROR - Error fetching URL https://pasgo.vn/tim-kiem?search=&page=0: Message: 
Stacktrace:
0   chromedriver                        0x0000000100feea54 cxxbridge1$str$ptr + 2803960
1   chromedriver                        0x0000000100fe6cf0 cxxbridge1$str$ptr + 2771860
2   chromedriver                        0x0000000100b32864 cxxbridge1$string$len + 93028
3   chromedriver                        0x0000000100b79410 cxxbridge1$string$len + 382736
4   chromedriver                        0x0000000100bba480 cxxbridge1$string$len + 649088
5   chromedriver                        0x0000000100b6d7ec cxxbridge1$string$len + 334572
6   chromedriver                        0x0000000100fb3ccc cxxbridge1$str$ptr + 2562928
7   chromedriver                        0x0000000100fb6f98 cxxbridge1$str$ptr + 2575932
8   chromedriver                        0x0000000100f942c4 cxxbridge1$str$ptr + 2433384
9   chromedriver                        0x0000000100fb7810 cxxbridge1$str$ptr + 2578100
10  chromedriver                        0x0000000100f852f0 cxxbridge1$str$ptr + 2371988
11  chromedriver                        0x0000000100fd757c cxxbridge1$str$ptr + 2708512
12  chromedriver                        0x0000000100fd7708 cxxbridge1$str$ptr + 2708908
13  chromedriver                        0x0000000100fe693c cxxbridge1$str$ptr + 2770912
14  libsystem_pthread.dylib             0x0000000190bdaf94 _pthread_start + 136
15  libsystem_pthread.dylib             0x0000000190bd5d34 thread_start + 8

2025-04-29 23:37:33,715 - INFO - Found 0 restaurants on page 1
2025-04-29 23:37:33,715 - WARNING - No restaurants found on page 1, stopping listing collection
2025-04-29 23:37:33,715 - WARNING - No restaurant listings found.
2025-04-29 23:46:10,689 - INFO - Selenium WebDriver initialized successfully
2025-04-29 23:46:10,690 - INFO - Starting crawl from page 1 with max_pages=3, max_restaurants=None
2025-04-29 23:46:10,690 - INFO - Crawling page 1
2025-04-29 23:46:10,691 - INFO - Waiting for 4.16 seconds
2025-04-29 23:46:14,856 - INFO - Fetching URL: https://pasgo.vn/tim-kiem?search=&page=0 (attempt 1/3)
2025-04-29 23:47:25,070 - WARNING - Retrying (Retry(total=2, connect=None, read=None, redirect=None, status=None)) after connection broken by 'NewConnectionError('<urllib3.connection.HTTPConnection object at 0x104d86c60>: Failed to establish a new connection: [Errno 61] Connection refused')': /session/9bc1e78bd0c3c87b791c09fb9025bfaa
2025-04-29 23:47:25,071 - WARNING - Retrying (Retry(total=1, connect=None, read=None, redirect=None, status=None)) after connection broken by 'NewConnectionError('<urllib3.connection.HTTPConnection object at 0x1046e2b70>: Failed to establish a new connection: [Errno 61] Connection refused')': /session/9bc1e78bd0c3c87b791c09fb9025bfaa
2025-04-29 23:47:25,072 - WARNING - Retrying (Retry(total=0, connect=None, read=None, redirect=None, status=None)) after connection broken by 'NewConnectionError('<urllib3.connection.HTTPConnection object at 0x1046e2090>: Failed to establish a new connection: [Errno 61] Connection refused')': /session/9bc1e78bd0c3c87b791c09fb9025bfaa
2025-04-29 23:47:51,517 - INFO - Selenium WebDriver initialized successfully
2025-04-29 23:47:51,518 - INFO - Starting crawl from page 1 with max_pages=3, max_restaurants=None
2025-04-29 23:47:51,518 - INFO - Crawling page 1
2025-04-29 23:47:51,518 - INFO - Waiting for 5.15 seconds
2025-04-29 23:47:56,670 - INFO - Fetching URL: https://pasgo.vn/tim-kiem?search=&page=0 (attempt 1/3)
2025-04-29 23:48:08,691 - WARNING - Retrying (Retry(total=2, connect=None, read=None, redirect=None, status=None)) after connection broken by 'NewConnectionError('<urllib3.connection.HTTPConnection object at 0x105013170>: Failed to establish a new connection: [Errno 61] Connection refused')': /session/d79b6f0e5aecdc4cfd89f1aae5970aee
2025-04-29 23:48:08,692 - WARNING - Retrying (Retry(total=1, connect=None, read=None, redirect=None, status=None)) after connection broken by 'NewConnectionError('<urllib3.connection.HTTPConnection object at 0x1049bc080>: Failed to establish a new connection: [Errno 61] Connection refused')': /session/d79b6f0e5aecdc4cfd89f1aae5970aee
2025-04-29 23:48:08,693 - WARNING - Retrying (Retry(total=0, connect=None, read=None, redirect=None, status=None)) after connection broken by 'NewConnectionError('<urllib3.connection.HTTPConnection object at 0x1047cfdd0>: Failed to establish a new connection: [Errno 61] Connection refused')': /session/d79b6f0e5aecdc4cfd89f1aae5970aee
2025-04-29 23:50:41,410 - INFO - Selenium WebDriver initialized successfully
2025-04-29 23:50:41,410 - INFO - Starting crawl from page 1 with max_pages=3, max_restaurants=None
2025-04-29 23:50:41,410 - INFO - Crawling page 1
2025-04-29 23:50:41,410 - INFO - Waiting for 7.44 seconds
2025-04-29 23:50:48,853 - INFO - Fetching URL: https://pasgo.vn/tim-kiem?search=&page=0 (attempt 1/3)
2025-04-29 23:52:11,497 - INFO - Found 0 restaurants on page 1
2025-04-29 23:52:11,497 - WARNING - No restaurants found on page 1, stopping listing collection
2025-04-29 23:52:11,497 - WARNING - No restaurant listings found.
2025-04-29 23:53:50,756 - INFO - Selenium WebDriver initialized successfully
2025-04-29 23:53:50,756 - INFO - Starting crawl from page 1 with max_pages=1, max_restaurants=None
2025-04-29 23:53:50,756 - INFO - Crawling page 1
2025-04-29 23:53:50,756 - INFO - Waiting for 7.48 seconds
2025-04-29 23:53:58,237 - INFO - Fetching URL: https://pasgo.vn/tim-kiem?search=&page=0 (attempt 1/3)
2025-04-29 23:55:50,906 - INFO - Selenium WebDriver initialized successfully
2025-04-29 23:55:50,906 - INFO - Starting crawl from page 1 with max_pages=1, max_restaurants=None
2025-04-29 23:55:50,906 - INFO - Crawling page 1
2025-04-29 23:55:50,906 - INFO - Waiting for 4.30 seconds
2025-04-29 23:55:55,210 - INFO - Fetching URL: https://pasgo.vn/tim-kiem?search=&page=0 (attempt 1/2)
2025-04-29 23:56:43,819 - INFO - Found content with selector: body
2025-04-29 23:56:43,846 - WARNING - No listings found with any selector
2025-04-29 23:56:43,846 - INFO - Found 0 restaurants on page 1
2025-04-29 23:56:43,846 - WARNING - No restaurants found on page 1, stopping listing collection
2025-04-29 23:56:43,846 - WARNING - No restaurant listings found.
2025-04-29 23:57:13,615 - INFO - Selenium WebDriver initialized successfully
2025-04-29 23:57:13,616 - INFO - Starting crawl from page 1 with max_pages=1, max_restaurants=None
2025-04-29 23:57:13,616 - INFO - Crawling page 1
2025-04-29 23:57:13,616 - INFO - Waiting for 4.18 seconds
2025-04-29 23:57:17,797 - INFO - Fetching URL: https://pasgo.vn/tim-kiem?search=&page=0 (attempt 1/2)
2025-04-29 23:58:04,772 - INFO - Found content with selector: body
2025-04-29 23:58:04,809 - WARNING - No listings found with any selector
2025-04-29 23:58:04,809 - INFO - Found 0 restaurants on page 1
2025-04-29 23:58:04,809 - WARNING - No restaurants found on page 1, stopping listing collection
2025-04-29 23:58:04,809 - WARNING - No restaurant listings found.
2025-04-29 23:58:56,102 - INFO - Selenium WebDriver initialized successfully
2025-04-29 23:58:56,104 - INFO - Starting crawl from page 1 with max_pages=1, max_restaurants=None
2025-04-29 23:58:56,104 - INFO - Crawling page 1
2025-04-29 23:58:56,104 - INFO - Waiting for 5.74 seconds
2025-04-29 23:59:01,849 - INFO - Fetching URL: https://pasgo.vn/tim-kiem?search= (attempt 1/2)
2025-04-29 23:59:04,974 - INFO - Found content with selector: div.items
2025-04-29 23:59:05,024 - WARNING - No listings found with any selector
2025-04-29 23:59:05,024 - INFO - Found 0 restaurants on page 1
2025-04-29 23:59:05,024 - WARNING - No restaurants found on page 1, stopping listing collection
2025-04-29 23:59:05,024 - WARNING - No restaurant listings found.
2025-04-30 00:00:12,688 - INFO - Starting crawl from page 1 with max_pages=1, max_restaurants=None
2025-04-30 00:00:12,689 - INFO - Crawling page 1
2025-04-30 00:00:12,689 - INFO - Waiting for 1.30 seconds
2025-04-30 00:00:14,300 - ERROR - Error fetching restaurant listings: Expecting value: line 1 column 1 (char 0)
2025-04-30 00:00:14,301 - INFO - Found 0 restaurants on page 1
2025-04-30 00:00:14,301 - WARNING - No restaurants found on page 1, stopping listing collection
2025-04-30 00:00:14,301 - WARNING - No restaurant listings found.
2025-04-30 00:00:47,964 - INFO - Starting crawl from page 1 with max_pages=1, max_restaurants=None
2025-04-30 00:00:47,965 - INFO - Crawling page 1
2025-04-30 00:00:47,965 - INFO - Waiting for 1.44 seconds
2025-04-30 00:00:49,668 - INFO - Found 0 restaurants on page 1
2025-04-30 00:00:49,668 - WARNING - No restaurants found on page 1, stopping listing collection
2025-04-30 00:00:49,668 - WARNING - No restaurant listings found.
2025-04-30 00:02:23,240 - INFO - patching driver executable /Users/doa_ai/Library/Application Support/undetected_chromedriver/undetected_chromedriver
2025-04-30 00:02:25,235 - INFO - Undetected ChromeDriver initialized successfully
2025-04-30 00:02:25,235 - INFO - Starting crawl from page 1 with max_pages=1, max_restaurants=None
2025-04-30 00:02:25,236 - INFO - Crawling page 1
2025-04-30 00:02:25,236 - INFO - Waiting for 1.50 seconds
2025-04-30 00:02:26,739 - INFO - Fetching URL: https://pasgo.vn/ha-noi/nha-hang (attempt 1/2)
2025-04-30 00:03:33,888 - INFO - patching driver executable /Users/doa_ai/Library/Application Support/undetected_chromedriver/undetected_chromedriver
2025-04-30 00:03:35,867 - INFO - Undetected ChromeDriver initialized successfully
2025-04-30 00:03:35,868 - INFO - Starting crawl from page 1 with max_pages=3, max_restaurants=None
2025-04-30 00:03:35,868 - INFO - Crawling page 1
2025-04-30 00:03:35,868 - INFO - Waiting for 1.26 seconds
2025-04-30 00:03:37,126 - INFO - Fetching URL: https://pasgo.vn/ha-noi/nha-hang (attempt 1/2)
2025-04-30 00:04:42,085 - INFO - Found content with selector: body
2025-04-30 00:04:42,134 - WARNING - No listings found with any selector
2025-04-30 00:04:42,134 - INFO - Found 0 restaurants on page 1
2025-04-30 00:04:42,134 - WARNING - No restaurants found on page 1, stopping listing collection
2025-04-30 00:04:42,134 - WARNING - No restaurant listings found.
