2025-04-17 18:30:47,209 - INFO - Fetch https://www.tripadvisor.com/Attractions-g293924-Activities-Hanoi.html
2025-04-17 18:30:50,307 - INFO - Found 78 listings on page 1
2025-04-17 18:30:54,376 - INFO - Fetch https://www.tripadvisor.com/Attraction_Review-g293924-d317503-Reviews-Old_Quarter-Hanoi.html
2025-04-17 18:30:54,625 - INFO - Fetch https://www.tripadvisor.com/Attraction_Review-g293924-d317503-Reviews-Old_Quarter-Hanoi.html
2025-04-17 18:30:54,703 - INFO - Fetch https://www.tripadvisor.com/Attraction_Review-g293924-d317503-Reviews-Old_Quarter-Hanoi.html#REVIEWS
2025-04-17 18:30:58,365 - INFO - Fetch https://www.tripadvisor.com/Attraction_Review-g293924-d311069-Reviews-Hoa_Lo_Prison-Hanoi.html
2025-04-17 18:31:00,774 - INFO - ✔ Old QuarterIf you own this business, claim it for free now to update business info, respond to reviews, and more.Claim this listing
2025-04-17 18:31:01,129 - INFO - ✔ Old Quarter
2025-04-17 18:31:01,832 - INFO - ✔ Hoa Lo PrisonIf you own this business, claim it for free now to update business info, respond to reviews, and more.Claim this listing
2025-04-17 18:31:06,986 - INFO - Fetch https://www.tripadvisor.com/Attraction_Review-g293924-d311069-Reviews-Hoa_Lo_Prison-Hanoi.html#REVIEWS
2025-04-17 18:31:07,653 - INFO - Fetch https://www.tripadvisor.com/Attraction_Review-g293924-d317503-Reviews-Old_Quarter-Hanoi.html
2025-04-17 18:31:08,479 - INFO - Fetch https://www.tripadvisor.com/Attraction_Review-g293924-d311069-Reviews-Hoa_Lo_Prison-Hanoi.html
2025-04-17 18:31:08,923 - INFO - Fetch https://www.tripadvisor.com/Attraction_Review-g293924-d311069-Reviews-Hoa_Lo_Prison-Hanoi.html
2025-04-17 18:31:09,267 - INFO - ✔ Hoa Lo Prison
2025-04-17 18:31:15,841 - INFO - Fetch https://www.tripadvisor.com/Attraction_Review-g293924-d311083-Reviews-Temple_of_Literature_National_University-Hanoi.html
2025-04-17 18:31:16,484 - INFO - Fetch https://www.tripadvisor.com/Attraction_Review-g293924-d311070-Reviews-Lake_of_the_Restored_Sword_Hoan_Kiem_Lake-Hanoi.html
2025-04-17 18:31:16,513 - INFO - Fetch https://www.tripadvisor.com/Attraction_Review-g293924-d311083-Reviews-Temple_of_Literature_National_University-Hanoi.html#REVIEWS
2025-04-17 18:31:17,811 - INFO - Fetch https://www.tripadvisor.com/Attraction_Review-g293924-d311083-Reviews-Temple_of_Literature_National_University-Hanoi.html
2025-04-17 18:31:19,559 - INFO - ✔ Temple of Literature & National University
2025-04-17 18:31:22,760 - INFO - ✔ Temple of Literature & National UniversityIf you own this business, claim it for free now to update business info, respond to reviews, and more.Claim this listing
2025-04-17 18:31:22,882 - INFO - ✔ Lake of the Restored Sword (Hoan Kiem Lake)
2025-04-17 18:31:24,548 - INFO - Fetch https://www.tripadvisor.com/Attraction_Review-g293924-d311070-Reviews-Lake_of_the_Restored_Sword_Hoan_Kiem_Lake-Hanoi.html#REVIEWS
2025-04-17 18:31:27,954 - INFO - ✔ Lake of the Restored Sword (Hoan Kiem Lake)If you own this business, claim it for free now to update business info, respond to reviews, and more.Claim this listing
2025-04-17 18:31:28,999 - INFO - Fetch https://www.tripadvisor.com/Attraction_Review-g21375824-d447352-Reviews-Vietnam_Museum_of_Ethnology-Cau_Giay_Hanoi.html#REVIEWS
2025-04-17 18:31:30,507 - INFO - Fetch https://www.tripadvisor.com/Attraction_Review-g293924-d311070-Reviews-Lake_of_the_Restored_Sword_Hoan_Kiem_Lake-Hanoi.html
2025-04-17 18:31:30,520 - INFO - Fetch https://www.tripadvisor.com/Attraction_Review-g21375824-d447352-Reviews-Vietnam_Museum_of_Ethnology-Cau_Giay_Hanoi.html
2025-04-17 18:31:31,853 - INFO - ✔ Vietnam Museum of Ethnology
2025-04-17 18:31:34,851 - INFO - ✔ Vietnam Museum of EthnologyIf you own this business, claim it for free now to update business info, respond to reviews, and more.Claim this listing
2025-04-17 18:31:35,610 - INFO - Fetch https://www.tripadvisor.com/Attraction_Review-g21375824-d447352-Reviews-Vietnam_Museum_of_Ethnology-Cau_Giay_Hanoi.html
2025-04-17 18:31:39,723 - INFO - Fetch https://www.tripadvisor.com/Attraction_Review-g293924-d311064-Reviews-Ho_Chi_Minh_Mausoleum-Hanoi.html
2025-04-17 18:31:40,883 - INFO - Fetch https://www.tripadvisor.com/Attraction_Review-g293924-d311064-Reviews-Ho_Chi_Minh_Mausoleum-Hanoi.html
2025-04-17 18:31:42,503 - INFO - Fetch https://www.tripadvisor.com/Attraction_Review-g293924-d311064-Reviews-Ho_Chi_Minh_Mausoleum-Hanoi.html#REVIEWS
2025-04-17 18:31:43,858 - INFO - ✔ Ho Chi Minh Mausoleum
2025-04-17 18:31:46,974 - INFO - Fetch https://www.tripadvisor.com/Attraction_Review-g293924-d447354-Reviews-Vietnamese_Women_s_Museum-Hanoi.html
2025-04-17 18:31:47,832 - INFO - ✔ Ho Chi Minh MausoleumIf you own this business, claim it for free now to update business info, respond to reviews, and more.Claim this listing
2025-04-17 18:31:48,878 - INFO - ✔ Vietnamese Women's MuseumIf you own this business, claim it for free now to update business info, respond to reviews, and more.Claim this listing
2025-04-17 18:31:50,357 - INFO - Fetch https://www.tripadvisor.com/Attraction_Review-g293924-d447354-Reviews-Vietnamese_Women_s_Museum-Hanoi.html#REVIEWS
2025-04-17 18:31:52,266 - INFO - Fetch https://www.tripadvisor.com/Attraction_Review-g293924-d447354-Reviews-Vietnamese_Women_s_Museum-Hanoi.html
2025-04-17 18:31:54,704 - INFO - Fetch https://www.tripadvisor.com/Attraction_Review-g293924-d15190048-Reviews-Du_ng_Tau-Hanoi.html
2025-04-17 18:31:54,999 - INFO - Fetch https://www.tripadvisor.com/Attraction_Review-g293924-d15190048-Reviews-Du_ng_Tau-Hanoi.html#REVIEWS
2025-04-17 18:31:56,893 - INFO - ✔ Đường TàuIf you own this business, claim it for free now to update business info, respond to reviews, and more.Claim this listing
2025-04-17 18:31:59,406 - INFO - Fetch https://www.tripadvisor.com/Attraction_Review-g293924-d15190048-Reviews-Du_ng_Tau-Hanoi.html
2025-04-17 18:32:01,448 - INFO - Fetch https://www.tripadvisor.com/Attraction_Review-g293924-d311082-Reviews-St_Joseph_s_Cathedral-Hanoi.html
2025-04-17 18:32:03,248 - INFO - Fetch https://www.tripadvisor.com/Attraction_Review-g293924-d311082-Reviews-St_Joseph_s_Cathedral-Hanoi.html#REVIEWS
2025-04-17 18:32:03,740 - INFO - ✔ St. Joseph's Cathedral
2025-04-17 18:32:04,425 - INFO - Fetch https://www.tripadvisor.com/Attraction_Review-g293924-d311082-Reviews-St_Joseph_s_Cathedral-Hanoi.html
2025-04-17 18:32:05,596 - INFO - ✔ St. Joseph's CathedralIf you own this business, claim it for free now to update business info, respond to reviews, and more.Claim this listing
2025-04-17 18:32:06,479 - INFO - Fetch https://www.tripadvisor.com/Attraction_Review-g293924-d455005-Reviews-Vietnam_Military_History_Museum-Hanoi.html
2025-04-17 18:32:09,997 - INFO - ✔ Vietnam Military History MuseumIf you own this business, claim it for free now to update business info, respond to reviews, and more.Claim this listing
2025-04-17 18:32:10,100 - INFO - Fetch https://www.tripadvisor.com/Attraction_Review-g293924-d455005-Reviews-Vietnam_Military_History_Museum-Hanoi.html#REVIEWS
2025-04-17 18:32:11,483 - INFO - Fetch https://www.tripadvisor.com/Attraction_Review-g293924-d1177507-Reviews-Night_Market-Hanoi.html
2025-04-17 18:32:12,188 - INFO - Fetch https://www.tripadvisor.com/Attraction_Review-g293924-d455005-Reviews-Vietnam_Military_History_Museum-Hanoi.html
2025-04-17 18:32:12,733 - INFO - ✔ Vietnam Military History Museum
2025-04-17 18:32:14,450 - INFO - Fetch https://www.tripadvisor.com/Attraction_Review-g293924-d1177507-Reviews-Night_Market-Hanoi.html#REVIEWS
2025-04-17 18:32:16,316 - INFO - ✔ Night MarketIf you own this business, claim it for free now to update business info, respond to reviews, and more.Claim this listing
2025-04-17 18:32:18,319 - INFO - Fetch https://www.tripadvisor.com/Attraction_Review-g293924-d1177507-Reviews-Night_Market-Hanoi.html
2025-04-17 18:32:22,105 - INFO - Fetch https://www.tripadvisor.com/Attraction_Review-g293924-d311077-Reviews-Hanoi_Opera_House-Hanoi.html
2025-04-17 18:32:24,185 - INFO - ✔ Hanoi Opera HouseIf you own this business, claim it for free now to update business info, respond to reviews, and more.Claim this listing
2025-04-17 18:32:24,722 - INFO - Fetch https://www.tripadvisor.com/Attraction_Review-g293924-d311077-Reviews-Hanoi_Opera_House-Hanoi.html
2025-04-17 18:32:25,034 - INFO - Fetch https://www.tripadvisor.com/Attraction_Review-g293924-d311077-Reviews-Hanoi_Opera_House-Hanoi.html#REVIEWS
2025-04-17 18:32:28,924 - INFO - Fetch https://www.tripadvisor.com/Attraction_Review-g303945-d2484803-Reviews-Trang_An_Grottoes-Ninh_Binh_Ninh_Binh_Province.html
2025-04-17 18:32:30,542 - INFO - Fetch https://www.tripadvisor.com/Attraction_Review-g12866457-d552590-Reviews-Tam_Coc-Ninh_Hai_Hoa_Lu_District_Ninh_Binh_Province.html
2025-04-17 18:32:32,557 - INFO - ✔ Trang An GrottoesIf you own this business, claim it for free now to update business info, respond to reviews, and more.Claim this listing
2025-04-17 18:32:32,829 - INFO - ✔ Tam CocIf you own this business, claim it for free now to update business info, respond to reviews, and more.Claim this listing
2025-04-17 18:32:33,821 - INFO - Fetch https://www.tripadvisor.com/Attraction_Review-g303945-d5321519-Reviews-Mua_Caves-Ninh_Binh_Ninh_Binh_Province.html
2025-04-17 18:32:34,441 - INFO - Fetch https://www.tripadvisor.com/Attraction_Review-g12569803-d2267819-Reviews-Bai_Dinh_Pagoda-Gia_Sinh_Ninh_Binh_Province.html
2025-04-17 18:32:36,848 - INFO - ✔ Bai Dinh PagodaIf you own this business, claim it for free now to update business info, respond to reviews, and more.Claim this listing
2025-04-17 18:32:36,912 - INFO - ✔ Mua Caves
2025-04-17 18:32:37,352 - INFO - Fetch https://www.tripadvisor.com/Attraction_Review-g303945-d18670578-Reviews-Bear_Sanctuary_Ninh_Binh-Ninh_Binh_Ninh_Binh_Province.html
2025-04-17 18:32:40,417 - INFO - Fetch https://www.tripadvisor.com/Attraction_Review-g303945-d2044218-Reviews-Van_Long_Nature_Reserve-Ninh_Binh_Ninh_Binh_Province.html
2025-04-17 18:32:41,276 - INFO - Fetch https://www.tripadvisor.com/Attraction_Review-g303945-d5570345-Reviews-Bich_Dong_Pagoda-Ninh_Binh_Ninh_Binh_Province.html
2025-04-17 18:32:41,448 - INFO - ✔ Bear Sanctuary Ninh BinhIf you own this business, claim it for free now to update business info, respond to reviews, and more.Claim this listing
2025-04-17 18:32:42,858 - INFO - ✔ Van Long Nature ReserveIf you own this business, claim it for free now to update business info, respond to reviews, and more.Claim this listing
2025-04-17 18:32:42,876 - INFO - Fetch https://www.tripadvisor.com/Attraction_Review-g4225737-d4225742-Reviews-Do_Temple-Dinh_Bang_Bac_Ninh_Province.html
2025-04-17 18:32:43,645 - INFO - ✔ Bich Dong PagodaIf you own this business, claim it for free now to update business info, respond to reviews, and more.Claim this listing
2025-04-17 18:32:44,470 - INFO - ✔ Do TempleIf you own this business, claim it for free now to update business info, respond to reviews, and more.Claim this listing
2025-04-17 18:32:46,283 - INFO - Fetch https://www.tripadvisor.com/Attraction_Review-g2082662-d7339865-Reviews-Phu_Lang_Pottery_Village-Bac_Ninh_Bac_Ninh_Province.html
2025-04-17 18:32:47,883 - INFO - ✔ Phu Lang Pottery VillageIf you own this business, claim it for free now to update business info, respond to reviews, and more.Claim this listing
2025-04-17 18:32:48,142 - INFO - Fetch https://www.tripadvisor.com/Attraction_Review-g2062765-d8714363-Reviews-Tam_Dao_National_Park-Tam_Dao_Vinh_Phuc_Province.html
2025-04-17 18:32:48,950 - INFO - Fetch https://www.tripadvisor.com/Attraction_Review-g15334042-d11893974-Reviews-Trang_An_Landscape_Complex-Ninh_Xuan_Hoa_Lu_District_Ninh_Binh_Province.html
2025-04-17 18:32:49,780 - INFO - ✔ Tam Dao National Park
2025-04-17 18:32:50,599 - INFO - Fetch https://www.tripadvisor.com/Attraction_Review-g2082662-d8627375-Reviews-Dau_Pagoda-Bac_Ninh_Bac_Ninh_Province.html
2025-04-17 18:32:51,681 - INFO - ✔ Tràng An Landscape ComplexIf you own this business, claim it for free now to update business info, respond to reviews, and more.Claim this listing
2025-04-17 18:32:52,298 - INFO - ✔ Dau PagodaIf you own this business, claim it for free now to update business info, respond to reviews, and more.Claim this listing
2025-04-17 18:32:52,855 - INFO - Fetch https://www.tripadvisor.com/Attraction_Review-g303945-d8779716-Reviews-Cuc_Phuong_National_Park-Ninh_Binh_Ninh_Binh_Province.html
2025-04-17 18:32:55,049 - INFO - ✔ Cuc Phuong National Park
2025-04-17 18:32:56,236 - INFO - Fetch https://www.tripadvisor.com/Attraction_Review-g303945-d27410035-Reviews-Tam_Spa_Tam_Coc_massage_Nail-Ninh_Binh_Ninh_Binh_Province.html
2025-04-17 18:32:56,700 - INFO - Fetch https://www.tripadvisor.com/Attraction_Review-g1753936-d8445597-Reviews-Museum_of_Cultures_of_Vietnam_s_Ethnic_Groups-Thai_Nguyen_Thai_Nguyen_Province.html
2025-04-17 18:32:57,783 - INFO - Fetch https://www.tripadvisor.com/Attraction_Review-g2062765-d8071849-Reviews-Truc_Lam_An_Tam_Zen_Monastery-Tam_Dao_Vinh_Phuc_Province.html
2025-04-17 18:32:57,947 - INFO - ✔ Tâm Spa Tam Coc (massage - Nail)
2025-04-17 18:32:58,554 - INFO - ✔ Museum of Cultures of Vietnam's Ethnic Groups
2025-04-17 18:33:00,276 - INFO - Fetch https://www.tripadvisor.com/Attraction_Review-g12616698-d6537089-Reviews-Yen_Tu_Mountain-Uong_Bi_Quang_Ninh_Province.html
2025-04-17 18:33:01,008 - INFO - ✔ Truc Lam An Tam Zen MonasteryIf you own this business, claim it for free now to update business info, respond to reviews, and more.Claim this listing
2025-04-17 18:33:03,296 - INFO - ✔ Yen Tu Mountain
2025-04-17 18:33:03,605 - INFO - Fetch https://www.tripadvisor.com/Attraction_Review-g303945-d13646473-Reviews-Tuy_t_Tinh_C_c-Ninh_Binh_Ninh_Binh_Province.html
2025-04-17 18:33:05,337 - INFO - ✔ Tuyệt Tình CốcIf you own this business, claim it for free now to update business info, respond to reviews, and more.Claim this listing
2025-04-17 18:33:06,529 - INFO - Fetch https://www.tripadvisor.com/Attraction_Review-g1652592-d17757766-Reviews-Lac_Village-Mai_Chau_Mai_Chau_District_Hoa_Binh_Province.html
2025-04-17 18:33:07,411 - INFO - Fetch https://www.tripadvisor.com/Attraction_Review-g2082662-d14074259-Reviews-Phat_Tich_Temple-Bac_Ninh_Bac_Ninh_Province.html
2025-04-17 18:33:08,056 - INFO - ✔ Lac Village
2025-04-17 18:33:08,461 - INFO - ✔ Phat Tich Temple
2025-04-17 18:33:08,926 - INFO - Fetch https://www.tripadvisor.com/Attraction_Review-g189112-d3869627-Reviews-Praia_Sao_Rafael-Albufeira_Faro_District_Algarve.html
2025-04-17 18:33:11,092 - INFO - ✔ Praia Sao Rafael
2025-04-17 18:33:12,850 - INFO - Fetch https://www.tripadvisor.com/Attraction_Review-g60630-d10413035-Reviews-Venus_Pool_Waioka_Pond-Hana_Maui_Hawaii.html
2025-04-17 18:33:13,150 - INFO - Fetch https://www.tripadvisor.com/Attraction_Review-g34515-d505392-Reviews-Sleuths_Mystery_Dinner_Shows-Orlando_Florida.html
2025-04-17 18:33:14,470 - INFO - ✔ Venus Pool (Waioka Pond)
2025-04-17 18:33:14,667 - INFO - Fetch https://www.tripadvisor.com/Attraction_Review-g294212-d325623-Reviews-China_World_Shopping_Mall-Beijing.html
2025-04-17 18:33:16,353 - INFO - ✔ Sleuths Mystery Dinner Shows
2025-04-17 18:33:16,935 - INFO - ✔ China World Shopping Mall
2025-04-17 18:33:17,777 - INFO - Fetch https://www.tripadvisor.com/Attraction_Review-g293974-d294545-Reviews-Hippodrome-Istanbul.html
2025-04-17 18:33:18,827 - INFO - Fetch https://www.tripadvisor.com/Attraction_Review-g51535-d2365478-Reviews-The_Castle_of_Muskogee-Muskogee_Oklahoma.html
2025-04-17 18:33:20,300 - INFO - ✔ Hippodrome
2025-04-17 18:33:20,480 - INFO - ✔ The Castle of MuskogeeIf you own this business, claim it for free now to update business info, respond to reviews, and more.Claim this listing
2025-04-17 18:33:21,314 - INFO - Fetch https://www.tripadvisor.com/Attraction_Review-g39601-d108035-Reviews-Maker_s_Mark-Loretto_Kentucky.html
2025-04-17 18:33:22,302 - INFO - Fetch https://www.tripadvisor.com/Attraction_Review-g147244-d3315567-Reviews-Pigeon_Point_Beach-English_Harbour_Saint_Paul_Parish_Antigua_Antigua_and_Barbuda.html
2025-04-17 18:33:24,344 - INFO - ✔ Maker's MarkIf you own this business, claim it for free now to update business info, respond to reviews, and more.Claim this listing
2025-04-17 18:33:24,683 - INFO - ✔ Pigeon Point BeachIf you own this business, claim it for free now to update business info, respond to reviews, and more.Claim this listing
2025-04-17 18:33:25,957 - INFO - Fetch https://www.tripadvisor.com/Attraction_Review-g56980-d6781777-Reviews-Zebra_Slot_Canyon-Escalante_Utah.html
2025-04-17 18:33:27,074 - INFO - Fetch https://www.tripadvisor.com/Attraction_Review-g60923-d117137-Reviews-Oregon_Caves_National_Monument_And_Preserve-Cave_Junction_Oregon.html
2025-04-17 18:33:27,536 - INFO - ✔ Zebra Slot Canyon
2025-04-17 18:33:28,712 - INFO - ✔ Oregon Caves National Monument And PreserveIf you own this business, claim it for free now to update business info, respond to reviews, and more.Claim this listing
2025-04-17 18:33:31,013 - INFO - Fetch https://www.tripadvisor.com/Attraction_Review-g39588-d1657774-Reviews-Old_Kentucky_Chocolates-Lexington_Kentucky.html
2025-04-17 18:33:31,074 - INFO - Fetch https://www.tripadvisor.com/Attraction_Review-g60660-d548009-Reviews-Skydive_Hawaii-Waialua_Oahu_Hawaii.html
2025-04-17 18:33:32,739 - INFO - ✔ Old Kentucky Chocolates
2025-04-17 18:33:32,935 - INFO - ✔ Skydive Hawaii
2025-04-17 18:33:34,419 - INFO - Fetch https://www.tripadvisor.com/Attraction_Review-g189970-d1604890-Reviews-Reykjavik_Whale_Watching-Reykjavik_Capital_Region.html
2025-04-17 18:33:36,413 - INFO - ✔ Reykjavik Whale Watching (2025) - All You Need to Know BEFORE You Go (with Reviews)
2025-04-17 18:33:36,463 - INFO - Fetch https://www.tripadvisor.com/Attraction_Review-g293923-d2694321-Reviews-Pelican_Halong_Cruises-Halong_Bay_Quang_Ninh_Province.html
2025-04-17 18:33:38,363 - INFO - Fetch https://www.tripadvisor.com/Attraction_Review-g5508475-d4267898-Reviews-Vouni_Panayia_Winery-Pano_Panayia_Paphos_District.html
2025-04-17 18:33:39,178 - INFO - ✔ Pelican Halong Cruises (2025) - All You Need to Know BEFORE You Go (with Reviews)
2025-04-17 18:33:40,406 - INFO - ✔ Vouni Panayia Winery
2025-04-17 18:33:40,442 - INFO - Fetch https://www.tripadvisor.com/Attraction_Review-g187147-d19457687-Reviews-Le_Calife-Paris_Ile_de_France.html
2025-04-17 18:33:40,470 - INFO - Fetch https://www.tripadvisor.com/Attraction_Review-g1972044-d6729626-Reviews-ATV_Petrohead-Porac_Pampanga_Province_Central_Luzon_Region_Luzon.html
2025-04-17 18:33:42,028 - INFO - ✔ ATV Petrohead (2025) - All You Need to Know BEFORE You Go (with Reviews)
2025-04-17 18:33:42,284 - INFO - ✔ Le CalifeIf you own this business, claim it for free now to update business info, respond to reviews, and more.Claim this listing
2025-04-17 18:33:44,608 - INFO - Fetch https://www.tripadvisor.com/Attraction_Review-g43343-d6849971-Reviews-Al_Alma_s_Supper_Club_and_Charter_Cruises-Mound_Minnesota.html
2025-04-17 18:33:45,129 - INFO - Fetch https://www.tripadvisor.com/Attraction_Review-g55229-d12456567-Reviews-Pontoon_Saloon-Nashville_Davidson_County_Tennessee.html
2025-04-17 18:33:46,062 - INFO - ✔ Al & Alma's Supper Club and Charter Cruises
2025-04-17 18:33:46,754 - INFO - ✔ Pontoon SaloonIf you own this business, claim it for free now to update business info, respond to reviews, and more.Claim this listing
2025-04-17 18:33:48,442 - INFO - Fetch https://www.tripadvisor.com/Attraction_Review-g57592-d10435589-Reviews-Albemarle_Limousine-Charlottesville_Virginia.html
2025-04-17 18:33:49,977 - INFO - ✔ Albemarle Limousine (2025) - All You Need to Know BEFORE You Go (with Reviews)
2025-04-17 18:33:49,977 - INFO - Thu thập được 60 điểm tham quan.
2025-04-17 18:33:49,979 - INFO - Đã lưu vào hanoi_attractions.json
