2025-04-17 01:13:55,881 - INFO - Starting unified extraction for 2 tours
2025-04-17 01:13:55,881 - INFO - Selenium enabled: False
2025-04-17 01:13:55,881 - INFO - Output prefix: data/tripadvisor_tours
2025-04-17 01:13:55,881 - INFO - Processing tour 1/2
2025-04-17 01:13:55,881 - INFO - Extracting data for: https://www.tripadvisor.com/AttractionProductReview-g293924-d11988179-Ninh_Binh_Day_Tour_To_Visit_Hoa_Lu_Trang_An_Tam_Coc_Mua_Cave-Hanoi.html
2025-04-17 01:13:55,881 - INFO - Falling back to image-based extraction...
2025-04-17 01:13:55,881 - INFO - Image-based extraction succeeded
2025-04-17 01:13:55,881 - INFO - Processing tour 2/2
2025-04-17 01:13:55,881 - INFO - Extracting data for: https://www.tripadvisor.com/AttractionProductReview-g293924-d14781418-Ninh_Binh_Full_Day_Tour_from_Hanoi_to_Hoa_Lu_Tam_Coc_Mua_Cave_Via_Boat_Bike-Hanoi.html
2025-04-17 01:13:55,881 - INFO - Falling back to image-based extraction...
2025-04-17 01:13:55,881 - INFO - Image-based extraction succeeded
2025-04-17 01:13:55,881 - INFO - Data saved to data/tripadvisor_tours.csv
2025-04-17 01:13:55,881 - INFO - Data saved to data/tripadvisor_tours.json
2025-04-17 01:13:55,881 - INFO - Completed extraction of 2 tours
2025-04-17 10:44:20,449 - INFO - Starting unified extraction for 1 tours
2025-04-17 10:44:20,449 - INFO - Selenium enabled: True
2025-04-17 10:44:20,449 - INFO - Output prefix: data/tripadvisor_tours
2025-04-17 10:44:20,569 - INFO - Successfully imported Selenium components
2025-04-17 10:44:21,632 - INFO - Successfully initialized Selenium WebDriver
2025-04-17 10:44:21,633 - INFO - Processing tour 1/1
2025-04-17 10:44:21,633 - INFO - Extracting data for: sdafsd
2025-04-17 10:44:21,633 - INFO - Attempting Selenium extraction...
2025-04-17 10:44:26,038 - INFO - Fetching tour details from: sdafsd
2025-04-17 10:44:26,039 - ERROR - Error extracting tour details with Selenium: Message: invalid argument
  (Session info: chrome=135.0.7049.95)
Stacktrace:
0   chromedriver                        0x00000001026c6e10 cxxbridge1$str$ptr + 2817040
1   chromedriver                        0x00000001026bf0ac cxxbridge1$str$ptr + 2784940
2   chromedriver                        0x000000010220674c cxxbridge1$string$len + 92632
3   chromedriver                        0x00000001021f0598 cxxbridge1$string$len + 2084
4   chromedriver                        0x00000001021ee8d0 chromedriver + 190672
5   chromedriver                        0x00000001021ef354 chromedriver + 193364
6   chromedriver                        0x0000000102209888 cxxbridge1$string$len + 105236
7   chromedriver                        0x000000010228f224 cxxbridge1$string$len + 652464
8   chromedriver                        0x000000010228e7b8 cxxbridge1$string$len + 649796
9   chromedriver                        0x0000000102241a80 cxxbridge1$string$len + 335116
10  chromedriver                        0x000000010268bc98 cxxbridge1$str$ptr + 2575000
11  chromedriver                        0x000000010268ef64 cxxbridge1$str$ptr + 2588004
12  chromedriver                        0x000000010266ba20 cxxbridge1$str$ptr + 2443296
13  chromedriver                        0x000000010268f7e0 cxxbridge1$str$ptr + 2590176
14  chromedriver                        0x000000010265cb14 cxxbridge1$str$ptr + 2382100
15  chromedriver                        0x00000001026af9c4 cxxbridge1$str$ptr + 2721732
16  chromedriver                        0x00000001026afb50 cxxbridge1$str$ptr + 2722128
17  chromedriver                        0x00000001026becf8 cxxbridge1$str$ptr + 2783992
18  libsystem_pthread.dylib             0x000000018982ef94 _pthread_start + 136
19  libsystem_pthread.dylib             0x0000000189829d34 thread_start + 8

2025-04-17 10:44:26,040 - WARNING - Selenium extraction failed: Selenium extraction failed: Message: invalid argument
  (Session info: chrome=135.0.7049.95)
Stacktrace:
0   chromedriver                        0x00000001026c6e10 cxxbridge1$str$ptr + 2817040
1   chromedriver                        0x00000001026bf0ac cxxbridge1$str$ptr + 2784940
2   chromedriver                        0x000000010220674c cxxbridge1$string$len + 92632
3   chromedriver                        0x00000001021f0598 cxxbridge1$string$len + 2084
4   chromedriver                        0x00000001021ee8d0 chromedriver + 190672
5   chromedriver                        0x00000001021ef354 chromedriver + 193364
6   chromedriver                        0x0000000102209888 cxxbridge1$string$len + 105236
7   chromedriver                        0x000000010228f224 cxxbridge1$string$len + 652464
8   chromedriver                        0x000000010228e7b8 cxxbridge1$string$len + 649796
9   chromedriver                        0x0000000102241a80 cxxbridge1$string$len + 335116
10  chromedriver                        0x000000010268bc98 cxxbridge1$str$ptr + 2575000
11  chromedriver                        0x000000010268ef64 cxxbridge1$str$ptr + 2588004
12  chromedriver                        0x000000010266ba20 cxxbridge1$str$ptr + 2443296
13  chromedriver                        0x000000010268f7e0 cxxbridge1$str$ptr + 2590176
14  chromedriver                        0x000000010265cb14 cxxbridge1$str$ptr + 2382100
15  chromedriver                        0x00000001026af9c4 cxxbridge1$str$ptr + 2721732
16  chromedriver                        0x00000001026afb50 cxxbridge1$str$ptr + 2722128
17  chromedriver                        0x00000001026becf8 cxxbridge1$str$ptr + 2783992
18  libsystem_pthread.dylib             0x000000018982ef94 _pthread_start + 136
19  libsystem_pthread.dylib             0x0000000189829d34 thread_start + 8

2025-04-17 10:44:26,040 - INFO - Falling back to image-based extraction...
2025-04-17 10:44:26,040 - WARNING - Image-based extraction failed: Image extraction unavailable for this URL
2025-04-17 10:44:26,128 - INFO - Data saved to data/tripadvisor_tours.csv
2025-04-17 10:44:26,129 - INFO - Data saved to data/tripadvisor_tours.json
2025-04-17 10:44:26,129 - INFO - Completed extraction of 1 tours
2025-04-17 10:46:01,671 - INFO - Starting unified extraction for 3 tours
2025-04-17 10:46:01,671 - INFO - Selenium enabled: True
2025-04-17 10:46:01,671 - INFO - Output prefix: data/tripadvisor_tours
2025-04-17 10:46:01,812 - INFO - Successfully imported Selenium components
2025-04-17 10:46:02,927 - INFO - Successfully initialized Selenium WebDriver
2025-04-17 10:46:02,927 - INFO - Processing tour 1/3
2025-04-17 10:46:02,927 - INFO - Extracting data for: https://www.tripadvisor.com/AttractionProductReview-g293924-d26312864-Ninh_Binh_Day_Tour_To_Visit_Hoa_Lu_Trang_An_Tam_Coc_Mua_Cave-Hanoi.html
2025-04-17 10:46:02,927 - INFO - Attempting Selenium extraction...
2025-04-17 10:46:07,147 - INFO - Fetching tour details from: https://www.tripadvisor.com/AttractionProductReview-g293924-d26312864-Ninh_Binh_Day_Tour_To_Visit_Hoa_Lu_Trang_An_Tam_Coc_Mua_Cave-Hanoi.html
2025-04-17 10:46:23,759 - ERROR - Timeout waiting for page to load: https://www.tripadvisor.com/AttractionProductReview-g293924-d26312864-Ninh_Binh_Day_Tour_To_Visit_Hoa_Lu_Trang_An_Tam_Coc_Mua_Cave-Hanoi.html
2025-04-17 10:46:23,881 - WARNING - Selenium extraction failed: Timeout loading page
2025-04-17 10:46:23,881 - INFO - Falling back to image-based extraction...
2025-04-17 10:46:23,881 - WARNING - Image-based extraction failed: Image extraction unavailable for this URL
2025-04-17 10:46:23,881 - INFO - Processing tour 2/3
2025-04-17 10:46:23,881 - INFO - Extracting data for: https://www.tripadvisor.com/AttractionProductReview-g293924-d25150183-Highlight_Ninh_Binh_Full_Day_Tour_Tam_Coc_Boat_Mua_Cave_Hoa_Lu-Hanoi.html
2025-04-17 10:46:23,881 - INFO - Attempting Selenium extraction...
2025-04-17 10:46:29,372 - INFO - Fetching tour details from: https://www.tripadvisor.com/AttractionProductReview-g293924-d25150183-Highlight_Ninh_Binh_Full_Day_Tour_Tam_Coc_Boat_Mua_Cave_Hoa_Lu-Hanoi.html
2025-04-17 10:46:45,666 - ERROR - Timeout waiting for page to load: https://www.tripadvisor.com/AttractionProductReview-g293924-d25150183-Highlight_Ninh_Binh_Full_Day_Tour_Tam_Coc_Boat_Mua_Cave_Hoa_Lu-Hanoi.html
2025-04-17 10:46:45,765 - WARNING - Selenium extraction failed: Timeout loading page
2025-04-17 10:46:45,765 - INFO - Falling back to image-based extraction...
2025-04-17 10:46:45,765 - WARNING - Image-based extraction failed: Image extraction unavailable for this URL
2025-04-17 10:46:45,765 - INFO - Processing tour 3/3
2025-04-17 10:46:45,765 - INFO - Extracting data for: https://www.tripadvisor.com/AttractionProductReview-g293924-d24125172-Cozy_Bay_Halong_5_Star_Day_Cruise_Buffet_Cave_Kayak_Swimming-Hanoi.html
2025-04-17 10:46:45,765 - INFO - Attempting Selenium extraction...
2025-04-17 10:46:51,066 - INFO - Fetching tour details from: https://www.tripadvisor.com/AttractionProductReview-g293924-d24125172-Cozy_Bay_Halong_5_Star_Day_Cruise_Buffet_Cave_Kayak_Swimming-Hanoi.html
2025-04-17 10:47:07,254 - ERROR - Timeout waiting for page to load: https://www.tripadvisor.com/AttractionProductReview-g293924-d24125172-Cozy_Bay_Halong_5_Star_Day_Cruise_Buffet_Cave_Kayak_Swimming-Hanoi.html
2025-04-17 10:47:07,349 - WARNING - Selenium extraction failed: Timeout loading page
2025-04-17 10:47:07,349 - INFO - Falling back to image-based extraction...
2025-04-17 10:47:07,349 - WARNING - Image-based extraction failed: Image extraction unavailable for this URL
2025-04-17 10:47:07,437 - INFO - Data saved to data/tripadvisor_tours.csv
2025-04-17 10:47:07,437 - INFO - Data saved to data/tripadvisor_tours.json
2025-04-17 10:47:07,437 - INFO - Completed extraction of 3 tours
2025-04-17 11:10:06,972 - INFO - Starting unified extraction for 3 tours
2025-04-17 11:10:06,973 - INFO - Selenium enabled: True
2025-04-17 11:10:06,973 - INFO - Output prefix: data/my_custom_tours
2025-04-17 11:10:07,114 - INFO - Successfully imported Selenium components
2025-04-17 11:10:08,265 - INFO - Successfully initialized Selenium WebDriver
2025-04-17 11:10:08,265 - INFO - Processing tour 1/3
2025-04-17 11:10:08,265 - INFO - Extracting data for: https://www.tripadvisor.com/AttractionProductReview-g293924-d26312864-Ninh_Binh_Day_Tour_To_Visit_Hoa_Lu_Trang_An_Tam_Coc_Mua_Cave-Hanoi.html
2025-04-17 11:10:08,265 - INFO - Attempting Selenium extraction...
2025-04-17 11:10:12,475 - INFO - Fetching tour details from: https://www.tripadvisor.com/AttractionProductReview-g293924-d26312864-Ninh_Binh_Day_Tour_To_Visit_Hoa_Lu_Trang_An_Tam_Coc_Mua_Cave-Hanoi.html
2025-04-17 11:10:42,517 - ERROR - Error extracting tour details with Selenium: Message: timeout: Timed out receiving message from renderer: 29.539
  (Session info: chrome=135.0.7049.95)
Stacktrace:
0   chromedriver                        0x000000010325ee10 cxxbridge1$str$ptr + 2817040
1   chromedriver                        0x00000001032570ac cxxbridge1$str$ptr + 2784940
2   chromedriver                        0x0000000102d9e8d8 cxxbridge1$string$len + 93028
3   chromedriver                        0x0000000102d88d9c cxxbridge1$string$len + 4136
4   chromedriver                        0x0000000102d88b14 cxxbridge1$string$len + 3488
5   chromedriver                        0x0000000102d868f8 chromedriver + 190712
6   chromedriver                        0x0000000102d87488 chromedriver + 193672
7   chromedriver                        0x0000000102d9508c cxxbridge1$string$len + 54040
8   chromedriver                        0x0000000102daae3c cxxbridge1$string$len + 143560
9   chromedriver                        0x0000000102d87abc chromedriver + 195260
10  chromedriver                        0x0000000102daabf4 cxxbridge1$string$len + 142976
11  chromedriver                        0x0000000102e26a9c cxxbridge1$string$len + 650536
12  chromedriver                        0x0000000102dd9a80 cxxbridge1$string$len + 335116
13  chromedriver                        0x0000000103223c98 cxxbridge1$str$ptr + 2575000
14  chromedriver                        0x0000000103226f64 cxxbridge1$str$ptr + 2588004
15  chromedriver                        0x0000000103203a20 cxxbridge1$str$ptr + 2443296
16  chromedriver                        0x00000001032277e0 cxxbridge1$str$ptr + 2590176
17  chromedriver                        0x00000001031f4b14 cxxbridge1$str$ptr + 2382100
18  chromedriver                        0x00000001032479c4 cxxbridge1$str$ptr + 2721732
19  chromedriver                        0x0000000103247b50 cxxbridge1$str$ptr + 2722128
20  chromedriver                        0x0000000103256cf8 cxxbridge1$str$ptr + 2783992
21  libsystem_pthread.dylib             0x000000018982ef94 _pthread_start + 136
22  libsystem_pthread.dylib             0x0000000189829d34 thread_start + 8

2025-04-17 11:10:42,518 - WARNING - Selenium extraction failed: Selenium extraction failed: Message: timeout: Timed out receiving message from renderer: 29.539
  (Session info: chrome=135.0.7049.95)
Stacktrace:
0   chromedriver                        0x000000010325ee10 cxxbridge1$str$ptr + 2817040
1   chromedriver                        0x00000001032570ac cxxbridge1$str$ptr + 2784940
2   chromedriver                        0x0000000102d9e8d8 cxxbridge1$string$len + 93028
3   chromedriver                        0x0000000102d88d9c cxxbridge1$string$len + 4136
4   chromedriver                        0x0000000102d88b14 cxxbridge1$string$len + 3488
5   chromedriver                        0x0000000102d868f8 chromedriver + 190712
6   chromedriver                        0x0000000102d87488 chromedriver + 193672
7   chromedriver                        0x0000000102d9508c cxxbridge1$string$len + 54040
8   chromedriver                        0x0000000102daae3c cxxbridge1$string$len + 143560
9   chromedriver                        0x0000000102d87abc chromedriver + 195260
10  chromedriver                        0x0000000102daabf4 cxxbridge1$string$len + 142976
11  chromedriver                        0x0000000102e26a9c cxxbridge1$string$len + 650536
12  chromedriver                        0x0000000102dd9a80 cxxbridge1$string$len + 335116
13  chromedriver                        0x0000000103223c98 cxxbridge1$str$ptr + 2575000
14  chromedriver                        0x0000000103226f64 cxxbridge1$str$ptr + 2588004
15  chromedriver                        0x0000000103203a20 cxxbridge1$str$ptr + 2443296
16  chromedriver                        0x00000001032277e0 cxxbridge1$str$ptr + 2590176
17  chromedriver                        0x00000001031f4b14 cxxbridge1$str$ptr + 2382100
18  chromedriver                        0x00000001032479c4 cxxbridge1$str$ptr + 2721732
19  chromedriver                        0x0000000103247b50 cxxbridge1$str$ptr + 2722128
20  chromedriver                        0x0000000103256cf8 cxxbridge1$str$ptr + 2783992
21  libsystem_pthread.dylib             0x000000018982ef94 _pthread_start + 136
22  libsystem_pthread.dylib             0x0000000189829d34 thread_start + 8

2025-04-17 11:10:42,518 - INFO - Falling back to image-based extraction...
2025-04-17 11:10:42,519 - WARNING - Image-based extraction failed: Image extraction unavailable for this URL
2025-04-17 11:10:42,519 - INFO - Processing tour 2/3
2025-04-17 11:10:42,519 - INFO - Extracting data for: https://www.tripadvisor.com/AttractionProductReview-g293924-d25150183-Highlight_Ninh_Binh_Full_Day_Tour_Tam_Coc_Boat_Mua_Cave_Hoa_Lu-Hanoi.html
2025-04-17 11:10:42,519 - INFO - Attempting Selenium extraction...
2025-04-17 11:10:48,322 - INFO - Fetching tour details from: https://www.tripadvisor.com/AttractionProductReview-g293924-d25150183-Highlight_Ninh_Binh_Full_Day_Tour_Tam_Coc_Boat_Mua_Cave_Hoa_Lu-Hanoi.html
2025-04-17 11:11:05,984 - ERROR - Timeout waiting for page to load: https://www.tripadvisor.com/AttractionProductReview-g293924-d25150183-Highlight_Ninh_Binh_Full_Day_Tour_Tam_Coc_Boat_Mua_Cave_Hoa_Lu-Hanoi.html
2025-04-17 11:11:06,284 - WARNING - Selenium extraction failed: Timeout loading page
2025-04-17 11:11:06,284 - INFO - Falling back to image-based extraction...
2025-04-17 11:11:06,284 - WARNING - Image-based extraction failed: Image extraction unavailable for this URL
2025-04-17 11:11:06,284 - INFO - Processing tour 3/3
2025-04-17 11:11:06,284 - INFO - Extracting data for: https://www.tripadvisor.com/AttractionProductReview-g293924-d24125172-Cozy_Bay_Halong_5_Star_Day_Cruise_Buffet_Cave_Kayak_Swimming-Hanoi.html
2025-04-17 11:11:06,284 - INFO - Attempting Selenium extraction...
2025-04-17 11:11:11,474 - INFO - Fetching tour details from: https://www.tripadvisor.com/AttractionProductReview-g293924-d24125172-Cozy_Bay_Halong_5_Star_Day_Cruise_Buffet_Cave_Kayak_Swimming-Hanoi.html
2025-04-17 11:11:27,840 - ERROR - Timeout waiting for page to load: https://www.tripadvisor.com/AttractionProductReview-g293924-d24125172-Cozy_Bay_Halong_5_Star_Day_Cruise_Buffet_Cave_Kayak_Swimming-Hanoi.html
2025-04-17 11:11:28,146 - WARNING - Selenium extraction failed: Timeout loading page
2025-04-17 11:11:28,146 - INFO - Falling back to image-based extraction...
2025-04-17 11:11:28,146 - WARNING - Image-based extraction failed: Image extraction unavailable for this URL
2025-04-17 11:11:28,266 - INFO - Data saved to data/my_custom_tours.csv
2025-04-17 11:11:28,266 - INFO - Data saved to data/my_custom_tours.json
2025-04-17 11:11:28,266 - INFO - Completed extraction of 3 tours
