2025-05-11 02:58:26,437 - INFO - Running crawler for city: ho-chi-minh
2025-05-11 02:58:26,437 - INFO - Running crawler for city: da-nang
2025-05-11 02:58:26,437 - INFO - Running crawler for city: ha-noi
2025-05-11 02:58:26,437 - INFO - Running crawler for city: hai-phong
2025-05-11 02:58:26,437 - INFO - Starting crawl for city: ha-noi, category: 
2025-05-11 02:58:26,437 - INFO - Starting crawl for city: hai-phong, category: 
2025-05-11 02:58:26,437 - INFO - Starting crawl for city: da-nang, category: 
2025-05-11 02:58:26,437 - INFO - Starting crawl for city: ho-chi-minh, category: 
2025-05-11 02:58:27,265 - INFO - 🔎 Crawling page 1: https://pasgo.vn/da-nang/nha-hang?page=1
2025-05-11 02:58:27,265 - INFO - 🔎 Crawling page 1: https://pasgo.vn/ha-noi/nha-hang?page=1
2025-05-11 02:58:27,265 - INFO - 🔎 Crawling page 1: https://pasgo.vn/ho-chi-minh/nha-hang?page=1
2025-05-11 02:58:27,265 - INFO - 🔎 Crawling page 1: https://pasgo.vn/hai-phong/nha-hang?page=1
2025-05-11 02:58:28,198 - INFO - Found 20 restaurants on page 1
2025-05-11 02:58:28,213 - INFO - Found 20 restaurants on page 1
2025-05-11 02:58:28,221 - INFO - Found 20 restaurants on page 1
2025-05-11 02:58:28,286 - INFO - Found 20 restaurants on page 1
2025-05-11 02:59:15,067 - ERROR - Error processing restaurant: Page.goto: Timeout 30000ms exceeded.
Call log:
  - navigating to "https://pasgo.vn/nha-hang/thai-market-restaurant-yen-bai-5615", waiting until "load"

2025-05-11 02:59:21,573 - ERROR - Error processing restaurant: Page.goto: Timeout 30000ms exceeded.
Call log:
  - navigating to "https://pasgo.vn/nha-hang/am-thuc-hoang-tin-nguyen-van-thoai-5128", waiting until "load"

2025-05-11 02:59:35,318 - ERROR - Error processing restaurant: Page.goto: Timeout 30000ms exceeded.
Call log:
  - navigating to "https://pasgo.vn/nha-hang/nha-hang-de-re-song-duong-39-tran-kim-xuyen-1209", waiting until "load"

2025-05-11 03:00:00,510 - INFO - 🔎 Crawling page 2: https://pasgo.vn/da-nang/nha-hang?page=2
2025-05-11 03:00:01,274 - INFO - Found 20 restaurants on page 2
2025-05-11 03:00:11,616 - INFO - 🔎 Crawling page 2: https://pasgo.vn/hai-phong/nha-hang?page=2
2025-05-11 03:00:12,471 - INFO - 🔎 Crawling page 2: https://pasgo.vn/ho-chi-minh/nha-hang?page=2
2025-05-11 03:00:13,548 - INFO - Found 20 restaurants on page 2
2025-05-11 03:00:20,314 - ERROR - ⛔ Error on page 2: Page.wait_for_selector: Timeout 8000ms exceeded.
Call log:
  - waiting for locator("div.wapitem a") to be visible

2025-05-11 03:00:20,314 - INFO - 🔎 Crawling page 3: https://pasgo.vn/hai-phong/nha-hang?page=3
2025-05-11 03:00:28,491 - ERROR - ⛔ Error on page 3: Page.wait_for_selector: Timeout 8000ms exceeded.
Call log:
  - waiting for locator("div.wapitem a") to be visible

2025-05-11 03:00:28,491 - INFO - 🔎 Crawling page 4: https://pasgo.vn/hai-phong/nha-hang?page=4
